<?xml version='1.0' encoding='UTF-8'?>
<beans xmlns="http://www.springframework.org/schema/beans"
	xmlns:xsi="http://www.w3.org/2001/XMLSchema-instance" xmlns:jdbc="http://www.springframework.org/schema/jdbc"
	xmlns:context="http://www.springframework.org/schema/context"
	xsi:schemaLocation="
http://www.springframework.org/schema/beans
http://www.springframework.org/schema/beans/spring-beans-3.0.xsd
http://www.springframework.org/schema/jdbc
http://www.springframework.org/schema/jdbc/spring-jdbc-3.0.xsd">
	<!-- load the basic application context -->
	<import resource="classpath:music-application.xml" />

	<!-- setup test memory database -->
	<jdbc:initialize-database data-source="dataSource">
		<jdbc:script location="classpath:db/schema.sql" />
		<jdbc:script location="classpath:db/data.sql" />
	</jdbc:initialize-database>
</beans>